::1 - - [07/May/2019:03:23:09 -0500] "GET /css/base.css HTTP/1.1" 200 16895
::1 - - [07/May/2019:03:23:09 -0500] "GET / HTTP/1.1" 200 26758
::1 - - [07/May/2019:03:23:09 -0500] "GET /js/pace.min.js HTTP/1.1" 200 12363
::1 - - [07/May/2019:03:23:09 -0500] "GET /js/modernizr.js HTTP/1.1" 200 8418
::1 - - [07/May/2019:03:23:09 -0500] "GET /css/vendor.css HTTP/1.1" 200 51221
::1 - - [07/May/2019:03:23:09 -0500] "GET /css/main.css HTTP/1.1" 200 75253
::1 - - [07/May/2019:03:23:09 -0500] "GET /images/logo.png HTTP/1.1" 200 4165
::1 - - [07/May/2019:03:23:09 -0500] "GET /js/jquery-3.2.1.min.js HTTP/1.1" 200 86659
::1 - - [07/May/2019:03:23:09 -0500] "GET /css/fonts.css HTTP/1.1" 200 3812
::1 - - [07/May/2019:03:23:09 -0500] "GET /css/font-awesome/css/font-awesome.min.css HTTP/1.1" 200 31000
::1 - - [07/May/2019:03:23:09 -0500] "GET /css/micons/micons.css HTTP/1.1" 200 11729
::1 - - [07/May/2019:03:23:09 -0500] "GET /plane-logo.svg HTTP/1.1" 200 673
::1 - - [07/May/2019:03:23:09 -0500] "GET /js/plugins.js HTTP/1.1" 200 188009
::1 - - [07/May/2019:03:23:09 -0500] "GET /js/main.js HTTP/1.1" 200 14927
::1 - - [07/May/2019:03:23:09 -0500] "GET /fonts/montserrat/montserrat-semibold-webfont.woff2 HTTP/1.1" 200 18980
::1 - - [07/May/2019:03:23:09 -0500] "GET /fonts/montserrat/montserrat-regular-webfont.woff2 HTTP/1.1" 200 18824
::1 - - [07/May/2019:03:23:09 -0500] "GET /fonts/montserrat/montserrat-light-webfont.woff2 HTTP/1.1" 200 18680
::1 - - [07/May/2019:03:23:09 -0500] "GET /fonts/montserrat/montserrat-medium-webfont.woff2 HTTP/1.1" 200 18988
::1 - - [07/May/2019:03:23:09 -0500] "GET /css/font-awesome/fonts/fontawesome-webfont.woff2?v=4.7.0 HTTP/1.1" 200 77160
::1 - - [07/May/2019:03:23:09 -0500] "GET /fonts/lora/lora-regular-webfont.woff2 HTTP/1.1" 200 34276
::1 - - [07/May/2019:03:23:09 -0500] "GET /images/logo-footer.png HTTP/1.1" 200 4286
::1 - - [07/May/2019:03:23:09 -0500] "GET /images/email-icon.png HTTP/1.1" 200 596
::1 - - [07/May/2019:03:23:09 -0500] "GET /fonts/montserrat/montserrat-bold-webfont.woff2 HTTP/1.1" 200 18936
::1 - - [07/May/2019:03:23:09 -0500] "GET /images/1-milk-run-mountains-and-glaciers.jpg HTTP/1.1" 200 1378209
::1 - - [07/May/2019:03:23:12 -0500] "GET /css/micons/fonts/icomoon.ttf?jo2z5t HTTP/1.1" 200 73452
::1 - - [07/May/2019:03:23:19 -0500] "POST /great-deals.inc.php HTTP/1.1" 302 -
::1 - - [07/May/2019:03:23:19 -0500] "GET /return.php HTTP/1.1" 200 8440
::1 - - [07/May/2019:03:23:21 -0500] "POST /return-opt.inc.php HTTP/1.1" 302 -
::1 - - [07/May/2019:03:23:21 -0500] "GET /return.php HTTP/1.1" 200 9406
::1 - - [07/May/2019:03:23:24 -0500] "POST /return.inc.php HTTP/1.1" 302 -
::1 - - [07/May/2019:03:23:24 -0500] "GET /checkout.php HTTP/1.1" 200 10024
::1 - - [07/May/2019:03:23:27 -0500] "POST /checkout.inc.php HTTP/1.1" 302 -
::1 - - [07/May/2019:03:23:27 -0500] "GET /checkout-login.php?log%20in%20first HTTP/1.1" 200 5780
::1 - - [07/May/2019:03:23:27 -0500] "GET /css/signin.css HTTP/1.1" 200 1285
::1 - - [07/May/2019:03:23:29 -0500] "GET /index.php HTTP/1.1" 200 26758
::1 - - [07/May/2019:03:23:34 -0500] "POST /great-deals.inc.php HTTP/1.1" 302 -
::1 - - [07/May/2019:03:23:34 -0500] "GET /return.php HTTP/1.1" 200 8440
::1 - - [07/May/2019:03:23:36 -0500] "POST /return-opt.inc.php HTTP/1.1" 302 -
::1 - - [07/May/2019:03:23:36 -0500] "GET /return.php HTTP/1.1" 200 9401
::1 - - [07/May/2019:03:23:38 -0500] "POST /return.inc.php HTTP/1.1" 302 -
::1 - - [07/May/2019:03:23:38 -0500] "GET /checkout.php HTTP/1.1" 200 10014
::1 - - [07/May/2019:03:23:41 -0500] "GET /index.php HTTP/1.1" 200 26758
::1 - - [07/May/2019:03:23:57 -0500] "POST /search.inc.php HTTP/1.1" 302 -
::1 - - [07/May/2019:03:23:57 -0500] "GET /departure.php HTTP/1.1" 200 7994
::1 - - [07/May/2019:03:23:59 -0500] "POST /departure.inc.php HTTP/1.1" 302 -
::1 - - [07/May/2019:03:23:59 -0500] "GET /return.php HTTP/1.1" 200 8440
::1 - - [07/May/2019:03:24:01 -0500] "GET /index.php HTTP/1.1" 200 26758
::1 - - [07/May/2019:03:24:16 -0500] "POST /search.inc.php HTTP/1.1" 302 -
::1 - - [07/May/2019:03:24:16 -0500] "GET /departure.php HTTP/1.1" 200 7992
::1 - - [07/May/2019:03:24:18 -0500] "POST /departure.inc.php HTTP/1.1" 302 -
::1 - - [07/May/2019:03:24:18 -0500] "GET /return.php HTTP/1.1" 200 8440
::1 - - [07/May/2019:03:24:21 -0500] "GET /index.php HTTP/1.1" 200 26758
