[Tue May 07 03:23:07.690754 2019] [mpm_winnt:notice] [pid 5356:tid 864] AH00455: Apache/2.4.6 (Win32) PHP/5.4.17 configured -- resuming normal operations
[Tue May 07 03:23:07.691753 2019] [mpm_winnt:notice] [pid 5356:tid 864] AH00456: Apache Lounge VC10 Server built: Jul 16 2013 11:15:41
[Tue May 07 03:23:07.691753 2019] [core:notice] [pid 5356:tid 864] AH00094: Command line: 'C:\\Users\\Tony\\Desktop\\Internet Airline Final\\Internet Airline/apache2/bin/httpd_usbwv8.exe -d C:/Users/Tony/Desktop/Internet Airline Final/Internet Airline/apache2'
[Tue May 07 03:23:07.695753 2019] [mpm_winnt:notice] [pid 5356:tid 864] AH00418: Parent: Created child process 19964
[Tue May 07 03:23:08.315554 2019] [mpm_winnt:notice] [pid 19964:tid 836] AH00354: Child: Starting 64 worker threads.
[Tue May 07 03:23:09.083552 2019] [:error] [pid 19964:tid 1360] [client ::1:56293] PHP Notice:  Undefined variable: cityid in C:\\Users\\Tony\\Desktop\\Internet Airline Final\\Internet Airline\\root\\index.php on line 101
[Tue May 07 03:23:09.084550 2019] [:error] [pid 19964:tid 1360] [client ::1:56293] PHP Notice:  Undefined variable: cityid in C:\\Users\\Tony\\Desktop\\Internet Airline Final\\Internet Airline\\root\\index.php on line 101
[Tue May 07 03:23:09.084550 2019] [:error] [pid 19964:tid 1360] [client ::1:56293] PHP Notice:  Undefined variable: cityid in C:\\Users\\Tony\\Desktop\\Internet Airline Final\\Internet Airline\\root\\index.php on line 101
[Tue May 07 03:23:09.084550 2019] [:error] [pid 19964:tid 1360] [client ::1:56293] PHP Notice:  Undefined variable: cityid in C:\\Users\\Tony\\Desktop\\Internet Airline Final\\Internet Airline\\root\\index.php on line 101
[Tue May 07 03:23:09.084550 2019] [:error] [pid 19964:tid 1360] [client ::1:56293] PHP Notice:  Undefined variable: cityid in C:\\Users\\Tony\\Desktop\\Internet Airline Final\\Internet Airline\\root\\index.php on line 101
[Tue May 07 03:23:09.084550 2019] [:error] [pid 19964:tid 1360] [client ::1:56293] PHP Notice:  Undefined variable: cityid in C:\\Users\\Tony\\Desktop\\Internet Airline Final\\Internet Airline\\root\\index.php on line 101
[Tue May 07 03:23:09.084550 2019] [:error] [pid 19964:tid 1360] [client ::1:56293] PHP Notice:  Undefined variable: cityid in C:\\Users\\Tony\\Desktop\\Internet Airline Final\\Internet Airline\\root\\index.php on line 101
[Tue May 07 03:23:09.084550 2019] [:error] [pid 19964:tid 1360] [client ::1:56293] PHP Notice:  Undefined variable: cityid in C:\\Users\\Tony\\Desktop\\Internet Airline Final\\Internet Airline\\root\\index.php on line 101
[Tue May 07 03:23:09.084550 2019] [:error] [pid 19964:tid 1360] [client ::1:56293] PHP Notice:  Undefined variable: cityid in C:\\Users\\Tony\\Desktop\\Internet Airline Final\\Internet Airline\\root\\index.php on line 101
[Tue May 07 03:23:09.084550 2019] [:error] [pid 19964:tid 1360] [client ::1:56293] PHP Notice:  Undefined variable: cityid in C:\\Users\\Tony\\Desktop\\Internet Airline Final\\Internet Airline\\root\\index.php on line 101
[Tue May 07 03:23:09.084550 2019] [:error] [pid 19964:tid 1360] [client ::1:56293] PHP Notice:  Undefined variable: cityid in C:\\Users\\Tony\\Desktop\\Internet Airline Final\\Internet Airline\\root\\index.php on line 118
[Tue May 07 03:23:09.084550 2019] [:error] [pid 19964:tid 1360] [client ::1:56293] PHP Notice:  Undefined variable: cityid in C:\\Users\\Tony\\Desktop\\Internet Airline Final\\Internet Airline\\root\\index.php on line 118
[Tue May 07 03:23:09.084550 2019] [:error] [pid 19964:tid 1360] [client ::1:56293] PHP Notice:  Undefined variable: cityid in C:\\Users\\Tony\\Desktop\\Internet Airline Final\\Internet Airline\\root\\index.php on line 118
[Tue May 07 03:23:09.084550 2019] [:error] [pid 19964:tid 1360] [client ::1:56293] PHP Notice:  Undefined variable: cityid in C:\\Users\\Tony\\Desktop\\Internet Airline Final\\Internet Airline\\root\\index.php on line 118
[Tue May 07 03:23:09.084550 2019] [:error] [pid 19964:tid 1360] [client ::1:56293] PHP Notice:  Undefined variable: cityid in C:\\Users\\Tony\\Desktop\\Internet Airline Final\\Internet Airline\\root\\index.php on line 118
[Tue May 07 03:23:09.084550 2019] [:error] [pid 19964:tid 1360] [client ::1:56293] PHP Notice:  Undefined variable: cityid in C:\\Users\\Tony\\Desktop\\Internet Airline Final\\Internet Airline\\root\\index.php on line 118
[Tue May 07 03:23:09.084550 2019] [:error] [pid 19964:tid 1360] [client ::1:56293] PHP Notice:  Undefined variable: cityid in C:\\Users\\Tony\\Desktop\\Internet Airline Final\\Internet Airline\\root\\index.php on line 118
[Tue May 07 03:23:09.084550 2019] [:error] [pid 19964:tid 1360] [client ::1:56293] PHP Notice:  Undefined variable: cityid in C:\\Users\\Tony\\Desktop\\Internet Airline Final\\Internet Airline\\root\\index.php on line 118
[Tue May 07 03:23:09.084550 2019] [:error] [pid 19964:tid 1360] [client ::1:56293] PHP Notice:  Undefined variable: cityid in C:\\Users\\Tony\\Desktop\\Internet Airline Final\\Internet Airline\\root\\index.php on line 118
[Tue May 07 03:23:09.085550 2019] [:error] [pid 19964:tid 1360] [client ::1:56293] PHP Notice:  Undefined variable: cityid in C:\\Users\\Tony\\Desktop\\Internet Airline Final\\Internet Airline\\root\\index.php on line 118
[Tue May 07 03:23:29.344534 2019] [:error] [pid 19964:tid 1360] [client ::1:56303] PHP Notice:  Undefined variable: cityid in C:\\Users\\Tony\\Desktop\\Internet Airline Final\\Internet Airline\\root\\index.php on line 101, referer: http://localhost:8080/checkout-login.php?log%20in%20first
[Tue May 07 03:23:29.344534 2019] [:error] [pid 19964:tid 1360] [client ::1:56303] PHP Notice:  Undefined variable: cityid in C:\\Users\\Tony\\Desktop\\Internet Airline Final\\Internet Airline\\root\\index.php on line 101, referer: http://localhost:8080/checkout-login.php?log%20in%20first
[Tue May 07 03:23:29.344534 2019] [:error] [pid 19964:tid 1360] [client ::1:56303] PHP Notice:  Undefined variable: cityid in C:\\Users\\Tony\\Desktop\\Internet Airline Final\\Internet Airline\\root\\index.php on line 101, referer: http://localhost:8080/checkout-login.php?log%20in%20first
[Tue May 07 03:23:29.344534 2019] [:error] [pid 19964:tid 1360] [client ::1:56303] PHP Notice:  Undefined variable: cityid in C:\\Users\\Tony\\Desktop\\Internet Airline Final\\Internet Airline\\root\\index.php on line 101, referer: http://localhost:8080/checkout-login.php?log%20in%20first
[Tue May 07 03:23:29.344534 2019] [:error] [pid 19964:tid 1360] [client ::1:56303] PHP Notice:  Undefined variable: cityid in C:\\Users\\Tony\\Desktop\\Internet Airline Final\\Internet Airline\\root\\index.php on line 101, referer: http://localhost:8080/checkout-login.php?log%20in%20first
[Tue May 07 03:23:29.344534 2019] [:error] [pid 19964:tid 1360] [client ::1:56303] PHP Notice:  Undefined variable: cityid in C:\\Users\\Tony\\Desktop\\Internet Airline Final\\Internet Airline\\root\\index.php on line 101, referer: http://localhost:8080/checkout-login.php?log%20in%20first
[Tue May 07 03:23:29.344534 2019] [:error] [pid 19964:tid 1360] [client ::1:56303] PHP Notice:  Undefined variable: cityid in C:\\Users\\Tony\\Desktop\\Internet Airline Final\\Internet Airline\\root\\index.php on line 101, referer: http://localhost:8080/checkout-login.php?log%20in%20first
[Tue May 07 03:23:29.344534 2019] [:error] [pid 19964:tid 1360] [client ::1:56303] PHP Notice:  Undefined variable: cityid in C:\\Users\\Tony\\Desktop\\Internet Airline Final\\Internet Airline\\root\\index.php on line 101, referer: http://localhost:8080/checkout-login.php?log%20in%20first
[Tue May 07 03:23:29.344534 2019] [:error] [pid 19964:tid 1360] [client ::1:56303] PHP Notice:  Undefined variable: cityid in C:\\Users\\Tony\\Desktop\\Internet Airline Final\\Internet Airline\\root\\index.php on line 101, referer: http://localhost:8080/checkout-login.php?log%20in%20first
[Tue May 07 03:23:29.344534 2019] [:error] [pid 19964:tid 1360] [client ::1:56303] PHP Notice:  Undefined variable: cityid in C:\\Users\\Tony\\Desktop\\Internet Airline Final\\Internet Airline\\root\\index.php on line 101, referer: http://localhost:8080/checkout-login.php?log%20in%20first
[Tue May 07 03:23:29.344534 2019] [:error] [pid 19964:tid 1360] [client ::1:56303] PHP Notice:  Undefined variable: cityid in C:\\Users\\Tony\\Desktop\\Internet Airline Final\\Internet Airline\\root\\index.php on line 118, referer: http://localhost:8080/checkout-login.php?log%20in%20first
[Tue May 07 03:23:29.344534 2019] [:error] [pid 19964:tid 1360] [client ::1:56303] PHP Notice:  Undefined variable: cityid in C:\\Users\\Tony\\Desktop\\Internet Airline Final\\Internet Airline\\root\\index.php on line 118, referer: http://localhost:8080/checkout-login.php?log%20in%20first
[Tue May 07 03:23:29.344534 2019] [:error] [pid 19964:tid 1360] [client ::1:56303] PHP Notice:  Undefined variable: cityid in C:\\Users\\Tony\\Desktop\\Internet Airline Final\\Internet Airline\\root\\index.php on line 118, referer: http://localhost:8080/checkout-login.php?log%20in%20first
[Tue May 07 03:23:29.344534 2019] [:error] [pid 19964:tid 1360] [client ::1:56303] PHP Notice:  Undefined variable: cityid in C:\\Users\\Tony\\Desktop\\Internet Airline Final\\Internet Airline\\root\\index.php on line 118, referer: http://localhost:8080/checkout-login.php?log%20in%20first
[Tue May 07 03:23:29.344534 2019] [:error] [pid 19964:tid 1360] [client ::1:56303] PHP Notice:  Undefined variable: cityid in C:\\Users\\Tony\\Desktop\\Internet Airline Final\\Internet Airline\\root\\index.php on line 118, referer: http://localhost:8080/checkout-login.php?log%20in%20first
[Tue May 07 03:23:29.344534 2019] [:error] [pid 19964:tid 1360] [client ::1:56303] PHP Notice:  Undefined variable: cityid in C:\\Users\\Tony\\Desktop\\Internet Airline Final\\Internet Airline\\root\\index.php on line 118, referer: http://localhost:8080/checkout-login.php?log%20in%20first
[Tue May 07 03:23:29.344534 2019] [:error] [pid 19964:tid 1360] [client ::1:56303] PHP Notice:  Undefined variable: cityid in C:\\Users\\Tony\\Desktop\\Internet Airline Final\\Internet Airline\\root\\index.php on line 118, referer: http://localhost:8080/checkout-login.php?log%20in%20first
[Tue May 07 03:23:29.344534 2019] [:error] [pid 19964:tid 1360] [client ::1:56303] PHP Notice:  Undefined variable: cityid in C:\\Users\\Tony\\Desktop\\Internet Airline Final\\Internet Airline\\root\\index.php on line 118, referer: http://localhost:8080/checkout-login.php?log%20in%20first
[Tue May 07 03:23:29.345534 2019] [:error] [pid 19964:tid 1360] [client ::1:56303] PHP Notice:  Undefined variable: cityid in C:\\Users\\Tony\\Desktop\\Internet Airline Final\\Internet Airline\\root\\index.php on line 118, referer: http://localhost:8080/checkout-login.php?log%20in%20first
[Tue May 07 03:23:29.345534 2019] [:error] [pid 19964:tid 1360] [client ::1:56303] PHP Notice:  Undefined variable: cityid in C:\\Users\\Tony\\Desktop\\Internet Airline Final\\Internet Airline\\root\\index.php on line 118, referer: http://localhost:8080/checkout-login.php?log%20in%20first
[Tue May 07 03:23:41.129279 2019] [:error] [pid 19964:tid 1328] [client ::1:56312] PHP Notice:  Undefined variable: cityid in C:\\Users\\Tony\\Desktop\\Internet Airline Final\\Internet Airline\\root\\index.php on line 101, referer: http://localhost:8080/checkout.php
[Tue May 07 03:23:41.129279 2019] [:error] [pid 19964:tid 1328] [client ::1:56312] PHP Notice:  Undefined variable: cityid in C:\\Users\\Tony\\Desktop\\Internet Airline Final\\Internet Airline\\root\\index.php on line 101, referer: http://localhost:8080/checkout.php
[Tue May 07 03:23:41.129279 2019] [:error] [pid 19964:tid 1328] [client ::1:56312] PHP Notice:  Undefined variable: cityid in C:\\Users\\Tony\\Desktop\\Internet Airline Final\\Internet Airline\\root\\index.php on line 101, referer: http://localhost:8080/checkout.php
[Tue May 07 03:23:41.129279 2019] [:error] [pid 19964:tid 1328] [client ::1:56312] PHP Notice:  Undefined variable: cityid in C:\\Users\\Tony\\Desktop\\Internet Airline Final\\Internet Airline\\root\\index.php on line 101, referer: http://localhost:8080/checkout.php
[Tue May 07 03:23:41.129279 2019] [:error] [pid 19964:tid 1328] [client ::1:56312] PHP Notice:  Undefined variable: cityid in C:\\Users\\Tony\\Desktop\\Internet Airline Final\\Internet Airline\\root\\index.php on line 101, referer: http://localhost:8080/checkout.php
[Tue May 07 03:23:41.129279 2019] [:error] [pid 19964:tid 1328] [client ::1:56312] PHP Notice:  Undefined variable: cityid in C:\\Users\\Tony\\Desktop\\Internet Airline Final\\Internet Airline\\root\\index.php on line 101, referer: http://localhost:8080/checkout.php
[Tue May 07 03:23:41.129279 2019] [:error] [pid 19964:tid 1328] [client ::1:56312] PHP Notice:  Undefined variable: cityid in C:\\Users\\Tony\\Desktop\\Internet Airline Final\\Internet Airline\\root\\index.php on line 101, referer: http://localhost:8080/checkout.php
[Tue May 07 03:23:41.129279 2019] [:error] [pid 19964:tid 1328] [client ::1:56312] PHP Notice:  Undefined variable: cityid in C:\\Users\\Tony\\Desktop\\Internet Airline Final\\Internet Airline\\root\\index.php on line 101, referer: http://localhost:8080/checkout.php
[Tue May 07 03:23:41.129279 2019] [:error] [pid 19964:tid 1328] [client ::1:56312] PHP Notice:  Undefined variable: cityid in C:\\Users\\Tony\\Desktop\\Internet Airline Final\\Internet Airline\\root\\index.php on line 101, referer: http://localhost:8080/checkout.php
[Tue May 07 03:23:41.129279 2019] [:error] [pid 19964:tid 1328] [client ::1:56312] PHP Notice:  Undefined variable: cityid in C:\\Users\\Tony\\Desktop\\Internet Airline Final\\Internet Airline\\root\\index.php on line 101, referer: http://localhost:8080/checkout.php
[Tue May 07 03:23:41.129279 2019] [:error] [pid 19964:tid 1328] [client ::1:56312] PHP Notice:  Undefined variable: cityid in C:\\Users\\Tony\\Desktop\\Internet Airline Final\\Internet Airline\\root\\index.php on line 118, referer: http://localhost:8080/checkout.php
[Tue May 07 03:23:41.129279 2019] [:error] [pid 19964:tid 1328] [client ::1:56312] PHP Notice:  Undefined variable: cityid in C:\\Users\\Tony\\Desktop\\Internet Airline Final\\Internet Airline\\root\\index.php on line 118, referer: http://localhost:8080/checkout.php
[Tue May 07 03:23:41.129279 2019] [:error] [pid 19964:tid 1328] [client ::1:56312] PHP Notice:  Undefined variable: cityid in C:\\Users\\Tony\\Desktop\\Internet Airline Final\\Internet Airline\\root\\index.php on line 118, referer: http://localhost:8080/checkout.php
[Tue May 07 03:23:41.129279 2019] [:error] [pid 19964:tid 1328] [client ::1:56312] PHP Notice:  Undefined variable: cityid in C:\\Users\\Tony\\Desktop\\Internet Airline Final\\Internet Airline\\root\\index.php on line 118, referer: http://localhost:8080/checkout.php
[Tue May 07 03:23:41.129279 2019] [:error] [pid 19964:tid 1328] [client ::1:56312] PHP Notice:  Undefined variable: cityid in C:\\Users\\Tony\\Desktop\\Internet Airline Final\\Internet Airline\\root\\index.php on line 118, referer: http://localhost:8080/checkout.php
[Tue May 07 03:23:41.129279 2019] [:error] [pid 19964:tid 1328] [client ::1:56312] PHP Notice:  Undefined variable: cityid in C:\\Users\\Tony\\Desktop\\Internet Airline Final\\Internet Airline\\root\\index.php on line 118, referer: http://localhost:8080/checkout.php
[Tue May 07 03:23:41.129279 2019] [:error] [pid 19964:tid 1328] [client ::1:56312] PHP Notice:  Undefined variable: cityid in C:\\Users\\Tony\\Desktop\\Internet Airline Final\\Internet Airline\\root\\index.php on line 118, referer: http://localhost:8080/checkout.php
[Tue May 07 03:23:41.129279 2019] [:error] [pid 19964:tid 1328] [client ::1:56312] PHP Notice:  Undefined variable: cityid in C:\\Users\\Tony\\Desktop\\Internet Airline Final\\Internet Airline\\root\\index.php on line 118, referer: http://localhost:8080/checkout.php
[Tue May 07 03:23:41.129279 2019] [:error] [pid 19964:tid 1328] [client ::1:56312] PHP Notice:  Undefined variable: cityid in C:\\Users\\Tony\\Desktop\\Internet Airline Final\\Internet Airline\\root\\index.php on line 118, referer: http://localhost:8080/checkout.php
[Tue May 07 03:23:41.130279 2019] [:error] [pid 19964:tid 1328] [client ::1:56312] PHP Notice:  Undefined variable: cityid in C:\\Users\\Tony\\Desktop\\Internet Airline Final\\Internet Airline\\root\\index.php on line 118, referer: http://localhost:8080/checkout.php
[Tue May 07 03:24:01.760488 2019] [:error] [pid 19964:tid 1328] [client ::1:56321] PHP Notice:  Undefined variable: cityid in C:\\Users\\Tony\\Desktop\\Internet Airline Final\\Internet Airline\\root\\index.php on line 101, referer: http://localhost:8080/return.php
[Tue May 07 03:24:01.760488 2019] [:error] [pid 19964:tid 1328] [client ::1:56321] PHP Notice:  Undefined variable: cityid in C:\\Users\\Tony\\Desktop\\Internet Airline Final\\Internet Airline\\root\\index.php on line 101, referer: http://localhost:8080/return.php
[Tue May 07 03:24:01.760488 2019] [:error] [pid 19964:tid 1328] [client ::1:56321] PHP Notice:  Undefined variable: cityid in C:\\Users\\Tony\\Desktop\\Internet Airline Final\\Internet Airline\\root\\index.php on line 101, referer: http://localhost:8080/return.php
[Tue May 07 03:24:01.760488 2019] [:error] [pid 19964:tid 1328] [client ::1:56321] PHP Notice:  Undefined variable: cityid in C:\\Users\\Tony\\Desktop\\Internet Airline Final\\Internet Airline\\root\\index.php on line 101, referer: http://localhost:8080/return.php
[Tue May 07 03:24:01.760488 2019] [:error] [pid 19964:tid 1328] [client ::1:56321] PHP Notice:  Undefined variable: cityid in C:\\Users\\Tony\\Desktop\\Internet Airline Final\\Internet Airline\\root\\index.php on line 101, referer: http://localhost:8080/return.php
[Tue May 07 03:24:01.760488 2019] [:error] [pid 19964:tid 1328] [client ::1:56321] PHP Notice:  Undefined variable: cityid in C:\\Users\\Tony\\Desktop\\Internet Airline Final\\Internet Airline\\root\\index.php on line 101, referer: http://localhost:8080/return.php
[Tue May 07 03:24:01.760488 2019] [:error] [pid 19964:tid 1328] [client ::1:56321] PHP Notice:  Undefined variable: cityid in C:\\Users\\Tony\\Desktop\\Internet Airline Final\\Internet Airline\\root\\index.php on line 101, referer: http://localhost:8080/return.php
[Tue May 07 03:24:01.760488 2019] [:error] [pid 19964:tid 1328] [client ::1:56321] PHP Notice:  Undefined variable: cityid in C:\\Users\\Tony\\Desktop\\Internet Airline Final\\Internet Airline\\root\\index.php on line 101, referer: http://localhost:8080/return.php
[Tue May 07 03:24:01.760488 2019] [:error] [pid 19964:tid 1328] [client ::1:56321] PHP Notice:  Undefined variable: cityid in C:\\Users\\Tony\\Desktop\\Internet Airline Final\\Internet Airline\\root\\index.php on line 101, referer: http://localhost:8080/return.php
[Tue May 07 03:24:01.760488 2019] [:error] [pid 19964:tid 1328] [client ::1:56321] PHP Notice:  Undefined variable: cityid in C:\\Users\\Tony\\Desktop\\Internet Airline Final\\Internet Airline\\root\\index.php on line 101, referer: http://localhost:8080/return.php
[Tue May 07 03:24:01.760488 2019] [:error] [pid 19964:tid 1328] [client ::1:56321] PHP Notice:  Undefined variable: cityid in C:\\Users\\Tony\\Desktop\\Internet Airline Final\\Internet Airline\\root\\index.php on line 118, referer: http://localhost:8080/return.php
[Tue May 07 03:24:01.760488 2019] [:error] [pid 19964:tid 1328] [client ::1:56321] PHP Notice:  Undefined variable: cityid in C:\\Users\\Tony\\Desktop\\Internet Airline Final\\Internet Airline\\root\\index.php on line 118, referer: http://localhost:8080/return.php
[Tue May 07 03:24:01.760488 2019] [:error] [pid 19964:tid 1328] [client ::1:56321] PHP Notice:  Undefined variable: cityid in C:\\Users\\Tony\\Desktop\\Internet Airline Final\\Internet Airline\\root\\index.php on line 118, referer: http://localhost:8080/return.php
[Tue May 07 03:24:01.760488 2019] [:error] [pid 19964:tid 1328] [client ::1:56321] PHP Notice:  Undefined variable: cityid in C:\\Users\\Tony\\Desktop\\Internet Airline Final\\Internet Airline\\root\\index.php on line 118, referer: http://localhost:8080/return.php
[Tue May 07 03:24:01.760488 2019] [:error] [pid 19964:tid 1328] [client ::1:56321] PHP Notice:  Undefined variable: cityid in C:\\Users\\Tony\\Desktop\\Internet Airline Final\\Internet Airline\\root\\index.php on line 118, referer: http://localhost:8080/return.php
[Tue May 07 03:24:01.760488 2019] [:error] [pid 19964:tid 1328] [client ::1:56321] PHP Notice:  Undefined variable: cityid in C:\\Users\\Tony\\Desktop\\Internet Airline Final\\Internet Airline\\root\\index.php on line 118, referer: http://localhost:8080/return.php
[Tue May 07 03:24:01.761488 2019] [:error] [pid 19964:tid 1328] [client ::1:56321] PHP Notice:  Undefined variable: cityid in C:\\Users\\Tony\\Desktop\\Internet Airline Final\\Internet Airline\\root\\index.php on line 118, referer: http://localhost:8080/return.php
[Tue May 07 03:24:01.761488 2019] [:error] [pid 19964:tid 1328] [client ::1:56321] PHP Notice:  Undefined variable: cityid in C:\\Users\\Tony\\Desktop\\Internet Airline Final\\Internet Airline\\root\\index.php on line 118, referer: http://localhost:8080/return.php
[Tue May 07 03:24:01.761488 2019] [:error] [pid 19964:tid 1328] [client ::1:56321] PHP Notice:  Undefined variable: cityid in C:\\Users\\Tony\\Desktop\\Internet Airline Final\\Internet Airline\\root\\index.php on line 118, referer: http://localhost:8080/return.php
[Tue May 07 03:24:01.762488 2019] [:error] [pid 19964:tid 1328] [client ::1:56321] PHP Notice:  Undefined variable: cityid in C:\\Users\\Tony\\Desktop\\Internet Airline Final\\Internet Airline\\root\\index.php on line 118, referer: http://localhost:8080/return.php
[Tue May 07 03:24:21.093051 2019] [:error] [pid 19964:tid 1328] [client ::1:56330] PHP Notice:  Undefined variable: cityid in C:\\Users\\Tony\\Desktop\\Internet Airline Final\\Internet Airline\\root\\index.php on line 101, referer: http://localhost:8080/return.php
[Tue May 07 03:24:21.093051 2019] [:error] [pid 19964:tid 1328] [client ::1:56330] PHP Notice:  Undefined variable: cityid in C:\\Users\\Tony\\Desktop\\Internet Airline Final\\Internet Airline\\root\\index.php on line 101, referer: http://localhost:8080/return.php
[Tue May 07 03:24:21.093051 2019] [:error] [pid 19964:tid 1328] [client ::1:56330] PHP Notice:  Undefined variable: cityid in C:\\Users\\Tony\\Desktop\\Internet Airline Final\\Internet Airline\\root\\index.php on line 101, referer: http://localhost:8080/return.php
[Tue May 07 03:24:21.093051 2019] [:error] [pid 19964:tid 1328] [client ::1:56330] PHP Notice:  Undefined variable: cityid in C:\\Users\\Tony\\Desktop\\Internet Airline Final\\Internet Airline\\root\\index.php on line 101, referer: http://localhost:8080/return.php
[Tue May 07 03:24:21.093051 2019] [:error] [pid 19964:tid 1328] [client ::1:56330] PHP Notice:  Undefined variable: cityid in C:\\Users\\Tony\\Desktop\\Internet Airline Final\\Internet Airline\\root\\index.php on line 101, referer: http://localhost:8080/return.php
[Tue May 07 03:24:21.093051 2019] [:error] [pid 19964:tid 1328] [client ::1:56330] PHP Notice:  Undefined variable: cityid in C:\\Users\\Tony\\Desktop\\Internet Airline Final\\Internet Airline\\root\\index.php on line 101, referer: http://localhost:8080/return.php
[Tue May 07 03:24:21.093051 2019] [:error] [pid 19964:tid 1328] [client ::1:56330] PHP Notice:  Undefined variable: cityid in C:\\Users\\Tony\\Desktop\\Internet Airline Final\\Internet Airline\\root\\index.php on line 101, referer: http://localhost:8080/return.php
[Tue May 07 03:24:21.093051 2019] [:error] [pid 19964:tid 1328] [client ::1:56330] PHP Notice:  Undefined variable: cityid in C:\\Users\\Tony\\Desktop\\Internet Airline Final\\Internet Airline\\root\\index.php on line 101, referer: http://localhost:8080/return.php
[Tue May 07 03:24:21.093051 2019] [:error] [pid 19964:tid 1328] [client ::1:56330] PHP Notice:  Undefined variable: cityid in C:\\Users\\Tony\\Desktop\\Internet Airline Final\\Internet Airline\\root\\index.php on line 101, referer: http://localhost:8080/return.php
[Tue May 07 03:24:21.093051 2019] [:error] [pid 19964:tid 1328] [client ::1:56330] PHP Notice:  Undefined variable: cityid in C:\\Users\\Tony\\Desktop\\Internet Airline Final\\Internet Airline\\root\\index.php on line 101, referer: http://localhost:8080/return.php
[Tue May 07 03:24:21.093051 2019] [:error] [pid 19964:tid 1328] [client ::1:56330] PHP Notice:  Undefined variable: cityid in C:\\Users\\Tony\\Desktop\\Internet Airline Final\\Internet Airline\\root\\index.php on line 118, referer: http://localhost:8080/return.php
[Tue May 07 03:24:21.093051 2019] [:error] [pid 19964:tid 1328] [client ::1:56330] PHP Notice:  Undefined variable: cityid in C:\\Users\\Tony\\Desktop\\Internet Airline Final\\Internet Airline\\root\\index.php on line 118, referer: http://localhost:8080/return.php
[Tue May 07 03:24:21.093051 2019] [:error] [pid 19964:tid 1328] [client ::1:56330] PHP Notice:  Undefined variable: cityid in C:\\Users\\Tony\\Desktop\\Internet Airline Final\\Internet Airline\\root\\index.php on line 118, referer: http://localhost:8080/return.php
[Tue May 07 03:24:21.094051 2019] [:error] [pid 19964:tid 1328] [client ::1:56330] PHP Notice:  Undefined variable: cityid in C:\\Users\\Tony\\Desktop\\Internet Airline Final\\Internet Airline\\root\\index.php on line 118, referer: http://localhost:8080/return.php
[Tue May 07 03:24:21.094051 2019] [:error] [pid 19964:tid 1328] [client ::1:56330] PHP Notice:  Undefined variable: cityid in C:\\Users\\Tony\\Desktop\\Internet Airline Final\\Internet Airline\\root\\index.php on line 118, referer: http://localhost:8080/return.php
[Tue May 07 03:24:21.094051 2019] [:error] [pid 19964:tid 1328] [client ::1:56330] PHP Notice:  Undefined variable: cityid in C:\\Users\\Tony\\Desktop\\Internet Airline Final\\Internet Airline\\root\\index.php on line 118, referer: http://localhost:8080/return.php
[Tue May 07 03:24:21.094051 2019] [:error] [pid 19964:tid 1328] [client ::1:56330] PHP Notice:  Undefined variable: cityid in C:\\Users\\Tony\\Desktop\\Internet Airline Final\\Internet Airline\\root\\index.php on line 118, referer: http://localhost:8080/return.php
[Tue May 07 03:24:21.094051 2019] [:error] [pid 19964:tid 1328] [client ::1:56330] PHP Notice:  Undefined variable: cityid in C:\\Users\\Tony\\Desktop\\Internet Airline Final\\Internet Airline\\root\\index.php on line 118, referer: http://localhost:8080/return.php
[Tue May 07 03:24:21.094051 2019] [:error] [pid 19964:tid 1328] [client ::1:56330] PHP Notice:  Undefined variable: cityid in C:\\Users\\Tony\\Desktop\\Internet Airline Final\\Internet Airline\\root\\index.php on line 118, referer: http://localhost:8080/return.php
[Tue May 07 03:24:21.094051 2019] [:error] [pid 19964:tid 1328] [client ::1:56330] PHP Notice:  Undefined variable: cityid in C:\\Users\\Tony\\Desktop\\Internet Airline Final\\Internet Airline\\root\\index.php on line 118, referer: http://localhost:8080/return.php
